        -:    0:Source:dominion.c
        -:    0:Graph:dominion.gcno
        -:    0:Data:dominion.gcda
        -:    0:Runs:8
        -:    0:Programs:8
        -:    1:#include "dominion.h"
        -:    2:#include "dominion_helpers.h"
        -:    3:#include "rngs.h"
        -:    4:#include <stdio.h>
        -:    5:#include <math.h>
        -:    6:#include <stdlib.h>
        -:    7:
      240:    8:int compare(const void* a, const void* b) {
      240:    9:  if (*(int*)a > *(int*)b)
    #####:   10:    return 1;
      240:   11:  if (*(int*)a < *(int*)b)
       64:   12:    return -1;
      176:   13:  return 0;
        -:   14:}
        -:   15:
    #####:   16:struct gameState* newGame() {
    #####:   17:  struct gameState* g = malloc(sizeof(struct gameState));
    #####:   18:  return g;
        -:   19:}
        -:   20:
    #####:   21:int* kingdomCards(int k1, int k2, int k3, int k4, int k5, int k6, int k7,
        -:   22:		  int k8, int k9, int k10) {
    #####:   23:  int* k = malloc(10 * sizeof(int));
    #####:   24:  k[0] = k1;
    #####:   25:  k[1] = k2;
    #####:   26:  k[2] = k3;
    #####:   27:  k[3] = k4;
    #####:   28:  k[4] = k5;
    #####:   29:  k[5] = k6;
    #####:   30:  k[6] = k7;
    #####:   31:  k[7] = k8;
    #####:   32:  k[8] = k9;
    #####:   33:  k[9] = k10;
    #####:   34:  return k;
        -:   35:}
        -:   36:
        8:   37:int initializeGame(int numPlayers, int kingdomCards[10], int randomSeed,
        -:   38:		   struct gameState *state) {
        -:   39:
        -:   40:  int i;
        -:   41:  int j;
        -:   42:  int it;			
        -:   43:  //set up random number generator
        8:   44:  SelectStream(1);
        8:   45:  PutSeed((long)randomSeed);
        -:   46:  
        -:   47:  //check number of players
        8:   48:  if (numPlayers > MAX_PLAYERS || numPlayers < 2)
        -:   49:    {
    #####:   50:      return -1;
        -:   51:    }
        -:   52:
        -:   53:  //set number of players
        8:   54:  state->numPlayers = numPlayers;
        -:   55:
        -:   56:  //check selected kingdom cards are different
       88:   57:  for (i = 0; i < 10; i++)
        -:   58:    {
      880:   59:      for (j = 0; j < 10; j++)
        -:   60:        {
      800:   61:	  if (j != i && kingdomCards[j] == kingdomCards[i])
        -:   62:	    {
    #####:   63:	      return -1;
        -:   64:	    }
        -:   65:        }
        -:   66:    }
        -:   67:
        -:   68:
        -:   69:  //initialize supply
        -:   70:  ///////////////////////////////
        -:   71:
        -:   72:  //set number of Curse cards
        8:   73:  if (numPlayers == 2)
        -:   74:    {
        8:   75:      state->supplyCount[curse] = 10;
        -:   76:    }
    #####:   77:  else if (numPlayers == 3)
        -:   78:    {
    #####:   79:      state->supplyCount[curse] = 20;
        -:   80:    }
        -:   81:  else
        -:   82:    {
    #####:   83:      state->supplyCount[curse] = 30;
        -:   84:    }
        -:   85:
        -:   86:  //set number of Victory cards
        8:   87:  if (numPlayers == 2)
        -:   88:    {
        8:   89:      state->supplyCount[estate] = 8;
        8:   90:      state->supplyCount[duchy] = 8;
        8:   91:      state->supplyCount[province] = 8;
        -:   92:    }
        -:   93:  else
        -:   94:    {
    #####:   95:      state->supplyCount[estate] = 12;
    #####:   96:      state->supplyCount[duchy] = 12;
    #####:   97:      state->supplyCount[province] = 12;
        -:   98:    }
        -:   99:
        -:  100:  //set number of Treasure cards
        8:  101:  state->supplyCount[copper] = 60 - (7 * numPlayers);
        8:  102:  state->supplyCount[silver] = 40;
        8:  103:  state->supplyCount[gold] = 30;
        -:  104:
        -:  105:  //set number of Kingdom cards
      168:  106:  for (i = adventurer; i <= treasure_map; i++)       	//loop all cards
        -:  107:    {
     1320:  108:      for (j = 0; j < 10; j++)           		//loop chosen cards
        -:  109:	{
     1240:  110:	  if (kingdomCards[j] == i)
        -:  111:	    {
        -:  112:	      //check if card is a 'Victory' Kingdom card
       80:  113:	      if (kingdomCards[j] == great_hall || kingdomCards[j] == gardens)
        -:  114:		{
       32:  115:		  if (numPlayers == 2){ 
       16:  116:		    state->supplyCount[i] = 8; 
        -:  117:		  }
    #####:  118:		  else{ state->supplyCount[i] = 12; }
        -:  119:		}
        -:  120:	      else
        -:  121:		{
       64:  122:		  state->supplyCount[i] = 10;
        -:  123:		}
       80:  124:	      break;
        -:  125:	    }
        -:  126:	  else    //card is not in the set choosen for the game
        -:  127:	    {
     1160:  128:	      state->supplyCount[i] = -1;
        -:  129:	    }
        -:  130:	}
        -:  131:
        -:  132:    }
        -:  133:
        -:  134:  ////////////////////////
        -:  135:  //supply intilization complete
        -:  136:
        -:  137:  //set player decks
       24:  138:  for (i = 0; i < numPlayers; i++)
        -:  139:    {
       16:  140:      state->deckCount[i] = 0;
       64:  141:      for (j = 0; j < 3; j++)
        -:  142:	{
       48:  143:	  state->deck[i][j] = estate;
       48:  144:	  state->deckCount[i]++;
        -:  145:	}
      128:  146:      for (j = 3; j < 10; j++)
        -:  147:	{
      112:  148:	  state->deck[i][j] = copper;
      112:  149:	  state->deckCount[i]++;		
        -:  150:	}
        -:  151:    }
        -:  152:
        -:  153:  //shuffle player decks
       24:  154:  for (i = 0; i < numPlayers; i++)
        -:  155:    {
       16:  156:      if ( shuffle(i, state) < 0 )
        -:  157:	{
    #####:  158:	  return -1;
        -:  159:	}
        -:  160:    }
        -:  161:
        -:  162:  //draw player hands
       24:  163:  for (i = 0; i < numPlayers; i++)
        -:  164:    {  
        -:  165:      //initialize hand size to zero
       16:  166:      state->handCount[i] = 0;
       16:  167:      state->discardCount[i] = 0;
        -:  168:      //draw 5 cards
        -:  169:      // for (j = 0; j < 5; j++)
        -:  170:      //	{
        -:  171:      //	  drawCard(i, state);
        -:  172:      //	}
        -:  173:    }
        -:  174:  
        -:  175:  //set embargo tokens to 0 for all supply piles
      224:  176:  for (i = 0; i <= treasure_map; i++)
        -:  177:    {
      216:  178:      state->embargoTokens[i] = 0;
        -:  179:    }
        -:  180:
        -:  181:  //initialize first player's turn
        8:  182:  state->outpostPlayed = 0;
        8:  183:  state->phase = 0;
        8:  184:  state->numActions = 1;
        8:  185:  state->numBuys = 1;
        8:  186:  state->playedCardCount = 0;
        8:  187:  state->whoseTurn = 0;
        8:  188:  state->handCount[state->whoseTurn] = 0;
        -:  189:  //int it; move to top
        -:  190:
        -:  191:  //Moved draw cards to here, only drawing at the start of a turn
       48:  192:  for (it = 0; it < 5; it++){
       40:  193:    drawCard(state->whoseTurn, state);
        -:  194:  }
        -:  195:
        8:  196:  updateCoins(state->whoseTurn, state, 0);
        -:  197:
        8:  198:  return 0;
        -:  199:}
        -:  200:
       16:  201:int shuffle(int player, struct gameState *state) {
        -:  202: 
        -:  203:
        -:  204:  int newDeck[MAX_DECK];
       16:  205:  int newDeckPos = 0;
        -:  206:  int card;
        -:  207:  int i;
        -:  208:
       16:  209:  if (state->deckCount[player] < 1)
    #####:  210:    return -1;
       16:  211:  qsort ((void*)(state->deck[player]), state->deckCount[player], sizeof(int), compare); 
        -:  212:  /* SORT CARDS IN DECK TO ENSURE DETERMINISM! */
        -:  213:
      192:  214:  while (state->deckCount[player] > 0) {
      160:  215:    card = floor(Random() * state->deckCount[player]);
      160:  216:    newDeck[newDeckPos] = state->deck[player][card];
      160:  217:    newDeckPos++;
      456:  218:    for (i = card; i < state->deckCount[player]-1; i++) {
      296:  219:      state->deck[player][i] = state->deck[player][i+1];
        -:  220:    }
      160:  221:    state->deckCount[player]--;
        -:  222:  }
      176:  223:  for (i = 0; i < newDeckPos; i++) {
      160:  224:    state->deck[player][i] = newDeck[i];
      160:  225:    state->deckCount[player]++;
        -:  226:  }
        -:  227:
       16:  228:  return 0;
        -:  229:}
        -:  230:
    #####:  231:int playCard(int handPos, int choice1, int choice2, int choice3, struct gameState *state) 
        -:  232:{	
        -:  233:  int card;
    #####:  234:  int coin_bonus = 0; 		//tracks coins gain from actions
        -:  235:
        -:  236:  //check if it is the right phase
    #####:  237:  if (state->phase != 0)
        -:  238:    {
    #####:  239:      return -1;
        -:  240:    }
        -:  241:	
        -:  242:  //check if player has enough actions
    #####:  243:  if ( state->numActions < 1 )
        -:  244:    {
    #####:  245:      return -1;
        -:  246:    }
        -:  247:	
        -:  248:  //get card played
    #####:  249:  card = handCard(handPos, state);
        -:  250:	
        -:  251:  //check if selected card is an action
    #####:  252:  if ( card < adventurer || card > treasure_map )
        -:  253:    {
    #####:  254:      return -1;
        -:  255:    }
        -:  256:	
        -:  257:  //play card
    #####:  258:  if ( cardEffect(card, choice1, choice2, choice3, state, handPos, &coin_bonus) < 0 )
        -:  259:    {
    #####:  260:      return -1;
        -:  261:    }
        -:  262:	
        -:  263:  //reduce number of actions
    #####:  264:  state->numActions--;
        -:  265:
        -:  266:  //update coins (Treasure cards may be added with card draws)
    #####:  267:  updateCoins(state->whoseTurn, state, coin_bonus);
        -:  268:	
    #####:  269:  return 0;
        -:  270:}
        -:  271:
    #####:  272:int buyCard(int supplyPos, struct gameState *state) {
        -:  273:  int who;
        -:  274:  if (DEBUG){
        -:  275:    printf("Entering buyCard...\n");
        -:  276:  }
        -:  277:
        -:  278:  // I don't know what to do about the phase thing.
        -:  279:
    #####:  280:  who = state->whoseTurn;
        -:  281:
    #####:  282:  if (state->numBuys < 1){
        -:  283:    if (DEBUG)
        -:  284:      printf("You do not have any buys left\n");
    #####:  285:    return -1;
    #####:  286:  } else if (supplyCount(supplyPos, state) <1){
        -:  287:    if (DEBUG)
        -:  288:      printf("There are not any of that type of card left\n");
    #####:  289:    return -1;
    #####:  290:  } else if (state->coins < getCost(supplyPos)){
        -:  291:    if (DEBUG) 
        -:  292:      printf("You do not have enough money to buy that. You have %d coins.\n", state->coins);
    #####:  293:    return -1;
        -:  294:  } else {
    #####:  295:    state->phase=1;
        -:  296:    //state->supplyCount[supplyPos]--;
    #####:  297:    gainCard(supplyPos, state, 0, who); //card goes in discard, this might be wrong.. (2 means goes into hand, 0 goes into discard)
        -:  298:  
    #####:  299:    state->coins = (state->coins) - (getCost(supplyPos));
    #####:  300:    state->numBuys--;
        -:  301:    if (DEBUG)
        -:  302:      printf("You bought card number %d for %d coins. You now have %d buys and %d coins.\n", supplyPos, getCost(supplyPos), state->numBuys, state->coins);
        -:  303:  }
        -:  304:
        -:  305:  //state->discard[who][state->discardCount[who]] = supplyPos;
        -:  306:  //state->discardCount[who]++;
        -:  307:    
    #####:  308:  return 0;
        -:  309:}
        -:  310:
        1:  311:int numHandCards(struct gameState *state) {
        1:  312:  return state->handCount[ whoseTurn(state) ];
        -:  313:}
        -:  314:
    #####:  315:int handCard(int handPos, struct gameState *state) {
    #####:  316:  int currentPlayer = whoseTurn(state);
    #####:  317:  return state->hand[currentPlayer][handPos];
        -:  318:}
        -:  319:
        3:  320:int supplyCount(int card, struct gameState *state) {
        3:  321:  return state->supplyCount[card];
        -:  322:}
        -:  323:
        1:  324:int fullDeckCount(int player, int card, struct gameState *state) {
        -:  325:  int i;
        1:  326:  int count = 0;
        -:  327:
       11:  328:  for (i = 0; i < state->deckCount[player]; i++)
        -:  329:    {
       10:  330:      if (state->deck[player][i] == card) count++;
        -:  331:    }
        -:  332:
        1:  333:  for (i = 0; i < state->handCount[player]; i++)
        -:  334:    {
    #####:  335:      if (state->hand[player][i] == card) count++;
        -:  336:    }
        -:  337:
        1:  338:  for (i = 0; i < state->discardCount[player]; i++)
        -:  339:    {
    #####:  340:      if (state->discard[player][i] == card) count++;
        -:  341:    }
        -:  342:
        1:  343:  return count;
        -:  344:}
        -:  345:
        4:  346:int whoseTurn(struct gameState *state) {
        4:  347:  return state->whoseTurn;
        -:  348:}
        -:  349:
    #####:  350:int endTurn(struct gameState *state) {
        -:  351:  int k;
        -:  352:  int i;
    #####:  353:  int currentPlayer = whoseTurn(state);
        -:  354:  
        -:  355:  //Discard hand
    #####:  356:  for (i = 0; i < state->handCount[currentPlayer]; i++){
    #####:  357:    state->discard[currentPlayer][state->discardCount[currentPlayer]++] = state->hand[currentPlayer][i];//Discard
    #####:  358:    state->hand[currentPlayer][i] = -1;//Set card to -1
        -:  359:  }
    #####:  360:  state->handCount[currentPlayer] = 0;//Reset hand count
        -:  361:    
        -:  362:  //Code for determining the player
    #####:  363:  if (currentPlayer < (state->numPlayers - 1)){ 
    #####:  364:    state->whoseTurn = currentPlayer + 1;//Still safe to increment
        -:  365:  }
        -:  366:  else{
    #####:  367:    state->whoseTurn = 0;//Max player has been reached, loop back around to player 1
        -:  368:  }
        -:  369:
    #####:  370:  state->outpostPlayed = 0;
    #####:  371:  state->phase = 0;
    #####:  372:  state->numActions = 1;
    #####:  373:  state->coins = 0;
    #####:  374:  state->numBuys = 1;
    #####:  375:  state->playedCardCount = 0;
    #####:  376:  state->handCount[state->whoseTurn] = 0;
        -:  377:
        -:  378:  //int k; move to top
        -:  379:  //Next player draws hand
    #####:  380:  for (k = 0; k < 5; k++){
    #####:  381:    drawCard(state->whoseTurn, state);//Draw a card
        -:  382:  }
        -:  383:
        -:  384:  //Update money
    #####:  385:  updateCoins(state->whoseTurn, state , 0);
        -:  386:
    #####:  387:  return 0;
        -:  388:}
        -:  389:
        1:  390:int isGameOver(struct gameState *state) {
        -:  391:  int i;
        -:  392:  int j;
        -:  393:	
        -:  394:  //if stack of Province cards is empty, the game ends
        1:  395:  if (state->supplyCount[province] == 0)
        -:  396:    {
    #####:  397:      return 1;
        -:  398:    }
        -:  399:
        -:  400:  //if three supply pile are at 0, the game ends
        1:  401:  j = 0;
       26:  402:  for (i = 0; i < 25; i++)
        -:  403:    {
       25:  404:      if (state->supplyCount[i] == 0)
        -:  405:	{
    #####:  406:	  j++;
        -:  407:	}
        -:  408:    }
        1:  409:  if ( j >= 3)
        -:  410:    {
    #####:  411:      return 1;
        -:  412:    }
        -:  413:
        1:  414:  return 0;
        -:  415:}
        -:  416:
    #####:  417:int scoreFor (int player, struct gameState *state) {
        -:  418:
        -:  419:  int i;
    #####:  420:  int score = 0;
        -:  421:  //score from hand
    #####:  422:  for (i = 0; i < state->handCount[player]; i++)
        -:  423:    {
    #####:  424:      if (state->hand[player][i] == curse) { score = score - 1; };
    #####:  425:      if (state->hand[player][i] == estate) { score = score + 1; };
    #####:  426:      if (state->hand[player][i] == duchy) { score = score + 3; };
    #####:  427:      if (state->hand[player][i] == province) { score = score + 6; };
    #####:  428:      if (state->hand[player][i] == great_hall) { score = score + 1; };
    #####:  429:      if (state->hand[player][i] == gardens) { score = score + ( fullDeckCount(player, 0, state) / 10 ); };
        -:  430:    }
        -:  431:
        -:  432:  //score from discard
    #####:  433:  for (i = 0; i < state->discardCount[player]; i++)
        -:  434:    {
    #####:  435:      if (state->discard[player][i] == curse) { score = score - 1; };
    #####:  436:      if (state->discard[player][i] == estate) { score = score + 1; };
    #####:  437:      if (state->discard[player][i] == duchy) { score = score + 3; };
    #####:  438:      if (state->discard[player][i] == province) { score = score + 6; };
    #####:  439:      if (state->discard[player][i] == great_hall) { score = score + 1; };
    #####:  440:      if (state->discard[player][i] == gardens) { score = score + ( fullDeckCount(player, 0, state) / 10 ); };
        -:  441:    }
        -:  442:
        -:  443:  //score from deck
    #####:  444:  for (i = 0; i < state->discardCount[player]; i++)
        -:  445:    {
    #####:  446:      if (state->deck[player][i] == curse) { score = score - 1; };
    #####:  447:      if (state->deck[player][i] == estate) { score = score + 1; };
    #####:  448:      if (state->deck[player][i] == duchy) { score = score + 3; };
    #####:  449:      if (state->deck[player][i] == province) { score = score + 6; };
    #####:  450:      if (state->deck[player][i] == great_hall) { score = score + 1; };
    #####:  451:      if (state->deck[player][i] == gardens) { score = score + ( fullDeckCount(player, 0, state) / 10 ); };
        -:  452:    }
        -:  453:
    #####:  454:  return score;
        -:  455:}
        -:  456:
    #####:  457:int getWinners(int players[MAX_PLAYERS], struct gameState *state) {
        -:  458:  int i;	
        -:  459:  int j;
        -:  460:  int highScore;
        -:  461:  int currentPlayer;
        -:  462:
        -:  463:  //get score for each player
    #####:  464:  for (i = 0; i < MAX_PLAYERS; i++)
        -:  465:    {
        -:  466:      //set unused player scores to -9999
    #####:  467:      if (i >= state->numPlayers)
        -:  468:	{
    #####:  469:	  players[i] = -9999;
        -:  470:	}
        -:  471:      else
        -:  472:	{
    #####:  473:	  players[i] = scoreFor (i, state);
        -:  474:	}
        -:  475:    }
        -:  476:
        -:  477:  //find highest score
    #####:  478:  j = 0;
    #####:  479:  for (i = 0; i < MAX_PLAYERS; i++)
        -:  480:    {
    #####:  481:      if (players[i] > players[j])
        -:  482:	{
    #####:  483:	  j = i;
        -:  484:	}
        -:  485:    }
    #####:  486:  highScore = players[j];
        -:  487:
        -:  488:  //add 1 to players who had less turns
    #####:  489:  currentPlayer = whoseTurn(state);
    #####:  490:  for (i = 0; i < MAX_PLAYERS; i++)
        -:  491:    {
    #####:  492:      if ( players[i] == highScore && i > currentPlayer )
        -:  493:	{
    #####:  494:	  players[i]++;
        -:  495:	}
        -:  496:    }
        -:  497:
        -:  498:  //find new highest score
    #####:  499:  j = 0;
    #####:  500:  for (i = 0; i < MAX_PLAYERS; i++)
        -:  501:    {
    #####:  502:      if ( players[i] > players[j] )
        -:  503:	{
    #####:  504:	  j = i;
        -:  505:	}
        -:  506:    }
    #####:  507:  highScore = players[j];
        -:  508:
        -:  509:  //set winners in array to 1 and rest to 0
    #####:  510:  for (i = 0; i < MAX_PLAYERS; i++)
        -:  511:    {
    #####:  512:      if ( players[i] == highScore )
        -:  513:	{
    #####:  514:	  players[i] = 1;
        -:  515:	}
        -:  516:      else
        -:  517:	{
    #####:  518:	  players[i] = 0;
        -:  519:	}
        -:  520:    }
        -:  521:
    #####:  522:  return 0;
        -:  523:}
        -:  524:
       41:  525:int drawCard(int player, struct gameState *state)
        -:  526:{	int count;
        -:  527:  int deckCounter;
       41:  528:  if (state->deckCount[player] <= 0){//Deck is empty
        -:  529:    
        -:  530:    //Step 1 Shuffle the discard pile back into a deck
        -:  531:    int i;
        -:  532:    //Move discard to deck
    #####:  533:    for (i = 0; i < state->discardCount[player];i++){
    #####:  534:      state->deck[player][i] = state->discard[player][i];
    #####:  535:      state->discard[player][i] = -1;
        -:  536:    }
        -:  537:
    #####:  538:    state->deckCount[player] = state->discardCount[player];
    #####:  539:    state->discardCount[player] = 0;//Reset discard
        -:  540:
        -:  541:    //Shufffle the deck
    #####:  542:    shuffle(player, state);//Shuffle the deck up and make it so that we can draw
        -:  543:   
        -:  544:    if (DEBUG){//Debug statements
        -:  545:      printf("Deck count now: %d\n", state->deckCount[player]);
        -:  546:    }
        -:  547:    
    #####:  548:    state->discardCount[player] = 0;
        -:  549:
        -:  550:    //Step 2 Draw Card
    #####:  551:    count = state->handCount[player];//Get current player's hand count
        -:  552:    
        -:  553:    if (DEBUG){//Debug statements
        -:  554:      printf("Current hand count: %d\n", count);
        -:  555:    }
        -:  556:    
    #####:  557:    deckCounter = state->deckCount[player];//Create a holder for the deck count
        -:  558:
    #####:  559:    if (deckCounter == 0)
    #####:  560:      return -1;
        -:  561:
    #####:  562:    state->hand[player][count] = state->deck[player][deckCounter - 1];//Add card to hand
    #####:  563:    state->deckCount[player]--;
    #####:  564:    state->handCount[player]++;//Increment hand count
        -:  565:  }
        -:  566:
        -:  567:  else{
       41:  568:    int count = state->handCount[player];//Get current hand count for player
        -:  569:    int deckCounter;
        -:  570:    if (DEBUG){//Debug statements
        -:  571:      printf("Current hand count: %d\n", count);
        -:  572:    }
        -:  573:
       41:  574:    deckCounter = state->deckCount[player];//Create holder for the deck count
       41:  575:    state->hand[player][count] = state->deck[player][deckCounter - 1];//Add card to the hand
       41:  576:    state->deckCount[player]--;
       41:  577:    state->handCount[player]++;//Increment hand count
        -:  578:  }
        -:  579:
       41:  580:  return 0;
        -:  581:}
        -:  582:
        2:  583:int getCost(int cardNumber)
        -:  584:{
        2:  585:  switch( cardNumber ) 
        -:  586:    {
        -:  587:    case curse:
    #####:  588:      return 0;
        -:  589:    case estate:
    #####:  590:      return 2;
        -:  591:    case duchy:
    #####:  592:      return 5;
        -:  593:    case province:
    #####:  594:      return 8;
        -:  595:    case copper:
    #####:  596:      return 0;
        -:  597:    case silver:
    #####:  598:      return 3;
        -:  599:    case gold:
    #####:  600:      return 6;
        -:  601:    case adventurer:
        1:  602:      return 6;
        -:  603:    case council_room:
    #####:  604:      return 5;
        -:  605:    case feast:
    #####:  606:      return 4;
        -:  607:    case gardens:
    #####:  608:      return 4;
        -:  609:    case mine:
    #####:  610:      return 5;
        -:  611:    case remodel:
    #####:  612:      return 4;
        -:  613:    case smithy:
    #####:  614:      return 4;
        -:  615:    case village:
    #####:  616:      return 3;
        -:  617:    case baron:
    #####:  618:      return 4;
        -:  619:    case great_hall:
    #####:  620:      return 3;
        -:  621:    case minion:
    #####:  622:      return 5;
        -:  623:    case steward:
    #####:  624:      return 3;
        -:  625:    case tribute:
    #####:  626:      return 5;
        -:  627:    case ambassador:
    #####:  628:      return 3;
        -:  629:    case cutpurse:
    #####:  630:      return 4;
        -:  631:    case embargo: 
    #####:  632:      return 2;
        -:  633:    case outpost:
    #####:  634:      return 5;
        -:  635:    case salvager:
    #####:  636:      return 4;
        -:  637:    case sea_hag:
    #####:  638:      return 4;
        -:  639:    case treasure_map:
        1:  640:      return 4;
        -:  641:    }
        -:  642:	
    #####:  643:  return -1;
        -:  644:}
    #####:  645:int smithyfunc(int currentPlayer, struct gameState* state, int handPos){
    #####:  646:	int i = 0;
    #####:  647:	      for (i = 0; i < 3; i++)
        -:  648:	{
    #####:  649:	  drawCard(handPos, state);
        -:  650:	}
        -:  651:			
        -:  652:      //discard card from hand
    #####:  653:      discardCard(handPos, currentPlayer, state, 0);
    #####:  654:      return 0;
        -:  655:	
        -:  656:}
    #####:  657:int villagefunc(int currentPlayer, struct gameState* state, int handPos){
        -:  658:	//+1 Card
    #####:  659:      drawCard(currentPlayer, state);
        -:  660:			
        -:  661:      //+2 Actions
    #####:  662:      state->numActions = state->numActions + 2;
        -:  663:			
        -:  664:      //discard played card from hand
    #####:  665:      discardCard(state -> numActions, currentPlayer, state, 0);
    #####:  666:      return 0;
        -:  667:	
        -:  668:}
        1:  669:int hallfunc(int currentPlayer, struct gameState* state, int handPos){
        -:  670:	  //+1 Card
        1:  671:      drawCard(currentPlayer, state);
        -:  672:			
        -:  673:      //+1 Actions
        1:  674:      state->numActions++;
        -:  675:			
        -:  676:      //discard card from hand
        1:  677:      discardCard(handPos, currentPlayer, state, 0);
        1:  678:      return 0;
        -:  679:	
        -:  680:}
        1:  681:int outpostfunc(int currentPlayer, struct gameState* state, int handPos){
        -:  682:	 //set outpost flag
        1:  683:      state->outpostPlayed++;
        -:  684:			
        -:  685:      //discard card
        1:  686:      discardCard(handPos, currentPlayer, state, 0);
        1:  687:      return 0;
        -:  688:	
        -:  689:}
    #####:  690:int sea_hagfunc(int currentPlayer, struct gameState* state, int handpos){
    #####:  691:	int i = 0;
    #####:  692:	      for (i = 0; i < state->numPlayers; i++){
    #####:  693:	if (i != currentPlayer){
    #####:  694:	  state->discard[i][state->discardCount[i]] = state->deck[i][state->deckCount[i]--];			    state->deckCount[i]--;
    #####:  695:	  state->discardCount[i]++;
    #####:  696:	  state->deck[i][state->deckCount[i]--] = curse;//Top card now a curse
        -:  697:	}
        -:  698:      }
    #####:  699:      return 0;
        -:  700:	
        -:  701:}
        2:  702:int cardEffect(int card, int choice1, int choice2, int choice3, struct gameState *state, int handPos, int *bonus)
        -:  703:{
        -:  704:  int i;
        -:  705:  int j;
        -:  706:  int k;
        -:  707:  int x;
        -:  708:  int index;
        2:  709:  int currentPlayer = whoseTurn(state);
        2:  710:  int nextPlayer = currentPlayer + 1;
        -:  711:
        2:  712:  int tributeRevealedCards[2] = {-1, -1};
        -:  713:  int temphand[MAX_HAND];// moved above the if statement
        2:  714:  int drawntreasure=0;
        -:  715:  int cardDrawn;
        2:  716:  int z = 0;// this is the counter for the temp hand
        2:  717:  if (nextPlayer > (state->numPlayers - 1)){
    #####:  718:    nextPlayer = 0;
        -:  719:  }
        -:  720:  
        -:  721:	
        -:  722:  //uses switch to select card and perform actions
        2:  723:  switch( card ) 
        -:  724:    {
        -:  725:    case adventurer:
    #####:  726:      while(drawntreasure<2){
    #####:  727:	if (state->deckCount[currentPlayer] <1){//if the deck is empty we need to shuffle discard and add to deck
    #####:  728:	  shuffle(currentPlayer, state);
        -:  729:	}
    #####:  730:	drawCard(currentPlayer, state);
    #####:  731:	cardDrawn = state->hand[currentPlayer][state->handCount[currentPlayer]-1];//top card of hand is most recently drawn card.
    #####:  732:	if (cardDrawn == copper || cardDrawn == silver || cardDrawn == gold)
    #####:  733:	  drawntreasure++;
        -:  734:	else{
    #####:  735:	  temphand[z]=cardDrawn;
    #####:  736:	  state->handCount[currentPlayer]--; //this should just remove the top card (the most recently drawn one).
    #####:  737:	  z++;
        -:  738:	}
        -:  739:      }
    #####:  740:      while(z-1>=0){
    #####:  741:	state->discard[currentPlayer][state->discardCount[currentPlayer]++]=temphand[z-1]; // discard all cards in play that have been drawn
    #####:  742:	z=z-1;
        -:  743:      }
    #####:  744:      return 0;
        -:  745:			
        -:  746:    case council_room:
        -:  747:      //+4 Cards
    #####:  748:      for (i = 0; i < 4; i++)
        -:  749:	{
    #####:  750:	  drawCard(currentPlayer, state);
        -:  751:	}
        -:  752:			
        -:  753:      //+1 Buy
    #####:  754:      state->numBuys++;
        -:  755:			
        -:  756:      //Each other player draws a card
    #####:  757:      for (i = 0; i < state->numPlayers; i++)
        -:  758:	{
    #####:  759:	  if ( i != currentPlayer )
        -:  760:	    {
    #####:  761:	      drawCard(i, state);
        -:  762:	    }
        -:  763:	}
        -:  764:			
        -:  765:      //put played card in played card pile
    #####:  766:      discardCard(handPos, currentPlayer, state, 0);
        -:  767:			
    #####:  768:      return 0;
        -:  769:			
        -:  770:    case feast:
        -:  771:      //gain card with cost up to 5
        -:  772:      //Backup hand
    #####:  773:      for (i = 0; i <= state->handCount[currentPlayer]; i++){
    #####:  774:	temphand[i] = state->hand[currentPlayer][i];//Backup card
    #####:  775:	state->hand[currentPlayer][i] = -1;//Set to nothing
        -:  776:      }
        -:  777:      //Backup hand
        -:  778:
        -:  779:      //Update Coins for Buy
    #####:  780:      updateCoins(currentPlayer, state, 5);
    #####:  781:      x = 1;//Condition to loop on
    #####:  782:      while( x == 1) {//Buy one card
    #####:  783:	if (supplyCount(choice1, state) <= 0){
        -:  784:	  if (DEBUG)
        -:  785:	    printf("None of that card left, sorry!\n");
        -:  786:
        -:  787:	  if (DEBUG){
        -:  788:	    printf("Cards Left: %d\n", supplyCount(choice1, state));
        -:  789:	  }
        -:  790:	}
    #####:  791:	else if (state->coins < getCost(choice1)){
    #####:  792:	  printf("That card is too expensive!\n");
        -:  793:
        -:  794:	  if (DEBUG){
        -:  795:	    printf("Coins: %d < %d\n", state->coins, getCost(choice1));
        -:  796:	  }
        -:  797:	}
        -:  798:	else{
        -:  799:
        -:  800:	  if (DEBUG){
        -:  801:	    printf("Deck Count: %d\n", state->handCount[currentPlayer] + state->deckCount[currentPlayer] + state->discardCount[currentPlayer]);
        -:  802:	  }
        -:  803:
    #####:  804:	  gainCard(choice1, state, 0, currentPlayer);//Gain the card
    #####:  805:	  x = 0;//No more buying cards
        -:  806:
        -:  807:	  if (DEBUG){
        -:  808:	    printf("Deck Count: %d\n", state->handCount[currentPlayer] + state->deckCount[currentPlayer] + state->discardCount[currentPlayer]);
        -:  809:	  }
        -:  810:
        -:  811:	}
        -:  812:      }     
        -:  813:
        -:  814:      //Reset Hand
    #####:  815:      for (i = 0; i <= state->handCount[currentPlayer]; i++){
    #####:  816:	state->hand[currentPlayer][i] = temphand[i];
    #####:  817:	temphand[i] = -1;
        -:  818:      }
        -:  819:      //Reset Hand
        -:  820:      			
    #####:  821:      return 0;
        -:  822:			
        -:  823:    case gardens:
        1:  824:      return -1;
        -:  825:			
        -:  826:    case mine:
    #####:  827:      j = state->hand[currentPlayer][choice1];  //store card we will trash
        -:  828:
    #####:  829:      if (state->hand[currentPlayer][choice1] < copper || state->hand[currentPlayer][choice1] > gold)
        -:  830:	{
    #####:  831:	  return -1;
        -:  832:	}
        -:  833:		
    #####:  834:      if (choice2 > treasure_map || choice2 < curse)
        -:  835:	{
    #####:  836:	  return -1;
        -:  837:	}
        -:  838:
    #####:  839:      if ( (getCost(state->hand[currentPlayer][choice1]) + 3) > getCost(choice2) )
        -:  840:	{
    #####:  841:	  return -1;
        -:  842:	}
        -:  843:
    #####:  844:      gainCard(choice2, state, 2, currentPlayer);
        -:  845:
        -:  846:      //discard card from hand
    #####:  847:      discardCard(handPos, currentPlayer, state, 0);
        -:  848:
        -:  849:      //discard trashed card
    #####:  850:      for (i = 0; i < state->handCount[currentPlayer]; i++)
        -:  851:	{
    #####:  852:	  if (state->hand[currentPlayer][i] == j)
        -:  853:	    {
    #####:  854:	      discardCard(i, currentPlayer, state, 0);			
    #####:  855:	      break;
        -:  856:	    }
        -:  857:	}
        -:  858:			
    #####:  859:      return 0;
        -:  860:			
        -:  861:    case remodel:
    #####:  862:      j = state->hand[currentPlayer][choice1];  //store card we will trash
        -:  863:
    #####:  864:      if ( (getCost(state->hand[currentPlayer][choice1]) + 2) > getCost(choice2) )
        -:  865:	{
    #####:  866:	  return -1;
        -:  867:	}
        -:  868:
    #####:  869:      gainCard(choice2, state, 0, currentPlayer);
        -:  870:
        -:  871:      //discard card from hand
    #####:  872:      discardCard(handPos, currentPlayer, state, 0);
        -:  873:
        -:  874:      //discard trashed card
    #####:  875:      for (i = 0; i < state->handCount[currentPlayer]; i++)
        -:  876:	{
    #####:  877:	  if (state->hand[currentPlayer][i] == j)
        -:  878:	    {
    #####:  879:	      discardCard(i, currentPlayer, state, 0);			
    #####:  880:	      break;
        -:  881:	    }
        -:  882:	}
        -:  883:
        -:  884:
    #####:  885:      return 0;
        -:  886:		
        -:  887:    case smithy:
        -:  888:      //+3 Cards
    #####:  889:	smithyfunc(currentPlayer, state, handPos);
        -:  890:		
        -:  891:    case village:
    #####:  892:      villagefunc(currentPlayer, state, handPos);
        -:  893:		
        -:  894:    case baron:
        1:  895:      state->numBuys++;//Increase buys by 1!
        1:  896:      if (choice1 > 0){//Boolean true or going to discard an estate
    #####:  897:	int p = 0;//Iterator for hand!
    #####:  898:	int card_not_discarded = 1;//Flag for discard set!
    #####:  899:	while(card_not_discarded){
    #####:  900:	  if (state->hand[currentPlayer][p] == estate){//Found an estate card!
    #####:  901:	    state->coins += 4;//Add 4 coins to the amount of coins
    #####:  902:	    state->discard[currentPlayer][state->discardCount[currentPlayer]] = state->hand[currentPlayer][p];
    #####:  903:	    state->discardCount[currentPlayer]++;
    #####:  904:	    for (;p < state->handCount[currentPlayer]; p++){
    #####:  905:	      state->hand[currentPlayer][p] = state->hand[currentPlayer][p+1];
        -:  906:	    }
    #####:  907:	    state->hand[currentPlayer][state->handCount[currentPlayer]] = -1;
    #####:  908:	    state->handCount[currentPlayer]--;
    #####:  909:	    card_not_discarded = 0;//Exit the loop
        -:  910:	  }
    #####:  911:	  else if (p > state->handCount[currentPlayer]){
        -:  912:	    if(DEBUG) {
        -:  913:	      printf("No estate cards in your hand, invalid choice\n");
        -:  914:	      printf("Must gain an estate if there are any\n");
        -:  915:	    }
    #####:  916:	    if (supplyCount(estate, state) > 0){
    #####:  917:	      gainCard(estate, state, 0, currentPlayer);
    #####:  918:	      state->supplyCount[estate]--;//Decrement estates
    #####:  919:	      if (supplyCount(estate, state) == 0){
    #####:  920:		isGameOver(state);
        -:  921:	      }
        -:  922:	    }
    #####:  923:	    card_not_discarded = 0;//Exit the loop
        -:  924:	  }
        -:  925:			    
        -:  926:	  else{
    #####:  927:	    p++;//Next card
        -:  928:	  }
        -:  929:	}
        -:  930:      }
        -:  931:			    
        -:  932:      else{
        1:  933:	if (supplyCount(estate, state) > 0){
        1:  934:	  gainCard(estate, state, 0, currentPlayer);//Gain an estate
        1:  935:	  state->supplyCount[estate]--;//Decrement Estates
        1:  936:	  if (supplyCount(estate, state) == 0){
    #####:  937:	    isGameOver(state);
        -:  938:	  }
        -:  939:	}
        -:  940:      }
        -:  941:	    
        -:  942:      
        1:  943:      return 0;
        -:  944:		
        -:  945:    case great_hall:
    #####:  946:    hallfunc(currentPlayer,state, handPos);
        -:  947:		
        -:  948:    case minion:
        -:  949:      //+1 action
    #####:  950:      state->numActions++;
        -:  951:			
        -:  952:      //discard card from hand
    #####:  953:      discardCard(handPos, currentPlayer, state, 0);
        -:  954:			
    #####:  955:      if (choice1)		//+2 coins
        -:  956:	{
    #####:  957:	  state->coins = state->coins + 2;
        -:  958:	}
        -:  959:			
    #####:  960:      else if (choice2)		//discard hand, redraw 4, other players with 5+ cards discard hand and draw 4
        -:  961:	{
        -:  962:	  //discard hand
    #####:  963:	  while(numHandCards(state) > 0)
        -:  964:	    {
    #####:  965:	      discardCard(handPos, currentPlayer, state, 0);
        -:  966:	    }
        -:  967:				
        -:  968:	  //draw 4
    #####:  969:	  for (i = 0; i < 4; i++)
        -:  970:	    {
    #####:  971:	      drawCard(currentPlayer, state);
        -:  972:	    }
        -:  973:				
        -:  974:	  //other players discard hand and redraw if hand size > 4
    #####:  975:	  for (i = 0; i < state->numPlayers; i++)
        -:  976:	    {
    #####:  977:	      if (i != currentPlayer)
        -:  978:		{
    #####:  979:		  if ( state->handCount[i] > 4 )
        -:  980:		    {
        -:  981:		      //discard hand
    #####:  982:		      while( state->handCount[i] > 0 )
        -:  983:			{
    #####:  984:			  discardCard(handPos, i, state, 0);
        -:  985:			}
        -:  986:							
        -:  987:		      //draw 4
    #####:  988:		      for (j = 0; j < 4; j++)
        -:  989:			{
    #####:  990:			  drawCard(i, state);
        -:  991:			}
        -:  992:		    }
        -:  993:		}
        -:  994:	    }
        -:  995:				
        -:  996:	}
    #####:  997:      return 0;
        -:  998:		
        -:  999:    case steward:
    #####: 1000:      if (choice1 == 1)
        -: 1001:	{
        -: 1002:	  //+2 cards
    #####: 1003:	  drawCard(currentPlayer, state);
    #####: 1004:	  drawCard(currentPlayer, state);
        -: 1005:	}
    #####: 1006:      else if (choice1 == 2)
        -: 1007:	{
        -: 1008:	  //+2 coins
    #####: 1009:	  state->coins = state->coins + 2;
        -: 1010:	}
        -: 1011:      else
        -: 1012:	{
        -: 1013:	  //trash 2 cards in hand
    #####: 1014:	  discardCard(choice2, currentPlayer, state, 1);
    #####: 1015:	  discardCard(choice3, currentPlayer, state, 1);
        -: 1016:	}
        -: 1017:			
        -: 1018:      //discard card from hand
    #####: 1019:      discardCard(handPos, currentPlayer, state, 0);
    #####: 1020:      return 0;
        -: 1021:		
        -: 1022:    case tribute:
    #####: 1023:      if ((state->discardCount[nextPlayer] + state->deckCount[nextPlayer]) <= 1){
    #####: 1024:	if (state->deckCount[nextPlayer] > 0){
    #####: 1025:	  tributeRevealedCards[0] = state->deck[nextPlayer][state->deckCount[nextPlayer]-1];
    #####: 1026:	  state->deckCount[nextPlayer]--;
        -: 1027:	}
    #####: 1028:	else if (state->discardCount[nextPlayer] > 0){
    #####: 1029:	  tributeRevealedCards[0] = state->discard[nextPlayer][state->discardCount[nextPlayer]-1];
    #####: 1030:	  state->discardCount[nextPlayer]--;
        -: 1031:	}
        -: 1032:	else{
        -: 1033:	  //No Card to Reveal
        -: 1034:	  if (DEBUG){
        -: 1035:	    printf("No cards to reveal\n");
        -: 1036:	  }
        -: 1037:	}
        -: 1038:      }
        -: 1039:	    
        -: 1040:      else{
    #####: 1041:	if (state->deckCount[nextPlayer] == 0){
    #####: 1042:	  for (i = 0; i < state->discardCount[nextPlayer]; i++){
    #####: 1043:	    state->deck[nextPlayer][i] = state->discard[nextPlayer][i];//Move to deck
    #####: 1044:	    state->deckCount[nextPlayer]++;
    #####: 1045:	    state->discard[nextPlayer][i] = -1;
    #####: 1046:	    state->discardCount[nextPlayer]--;
        -: 1047:	  }
        -: 1048:			    
    #####: 1049:	  shuffle(nextPlayer,state);//Shuffle the deck
        -: 1050:	} 
    #####: 1051:	tributeRevealedCards[0] = state->deck[nextPlayer][state->deckCount[nextPlayer]-1];
    #####: 1052:	state->deck[nextPlayer][state->deckCount[nextPlayer]--] = -1;
    #####: 1053:	state->deckCount[nextPlayer]--;
    #####: 1054:	tributeRevealedCards[1] = state->deck[nextPlayer][state->deckCount[nextPlayer]-1];
    #####: 1055:	state->deck[nextPlayer][state->deckCount[nextPlayer]--] = -1;
    #####: 1056:	state->deckCount[nextPlayer]--;
        -: 1057:      }    
        -: 1058:		       
    #####: 1059:      if (tributeRevealedCards[0] == tributeRevealedCards[1]){//If we have a duplicate card, just drop one 
    #####: 1060:	state->playedCards[state->playedCardCount] = tributeRevealedCards[1];
    #####: 1061:	state->playedCardCount++;
    #####: 1062:	tributeRevealedCards[1] = -1;
        -: 1063:      }
        -: 1064:
    #####: 1065:      for (i = 0; i <= 2; i ++){
    #####: 1066:	if (tributeRevealedCards[i] == copper || tributeRevealedCards[i] == silver || tributeRevealedCards[i] == gold){//Treasure cards
    #####: 1067:	  state->coins += 2;
        -: 1068:	}
        -: 1069:		    
    #####: 1070:	else if (tributeRevealedCards[i] == estate || tributeRevealedCards[i] == duchy || tributeRevealedCards[i] == province || tributeRevealedCards[i] == gardens || tributeRevealedCards[i] == great_hall){//Victory Card Found
    #####: 1071:	  drawCard(currentPlayer, state);
    #####: 1072:	  drawCard(currentPlayer, state);
        -: 1073:	}
        -: 1074:	else{//Action Card
    #####: 1075:	  state->numActions = state->numActions + 2;
        -: 1076:	}
        -: 1077:      }
        -: 1078:	    
    #####: 1079:      return 0;
        -: 1080:		
        -: 1081:    case ambassador:
    #####: 1082:      j = 0;		//used to check if player has enough cards to discard
        -: 1083:
    #####: 1084:      if (choice2 > 2 || choice2 < 0)
        -: 1085:	{
    #####: 1086:	  return -1;				
        -: 1087:	}
        -: 1088:
    #####: 1089:      if (choice1 == handPos)
        -: 1090:	{
    #####: 1091:	  return -1;
        -: 1092:	}
        -: 1093:
    #####: 1094:      for (i = 0; i < state->handCount[currentPlayer]; i++)
        -: 1095:	{
    #####: 1096:	  if (i != handPos && i == state->hand[currentPlayer][choice1] && i != choice1)
        -: 1097:	    {
    #####: 1098:	      j++;
        -: 1099:	    }
        -: 1100:	}
    #####: 1101:      if (j < choice2)
        -: 1102:	{
    #####: 1103:	  return -1;				
        -: 1104:	}
        -: 1105:
        -: 1106:      if (DEBUG) 
        -: 1107:	printf("Player %d reveals card number: %d\n", currentPlayer, state->hand[currentPlayer][choice1]);
        -: 1108:
        -: 1109:      //increase supply count for choosen card by amount being discarded
    #####: 1110:      state->supplyCount[state->hand[currentPlayer][choice1]] += choice2;
        -: 1111:			
        -: 1112:      //each other player gains a copy of revealed card
    #####: 1113:      for (i = 0; i < state->numPlayers; i++)
        -: 1114:	{
    #####: 1115:	  if (i != currentPlayer)
        -: 1116:	    {
    #####: 1117:	      gainCard(state->hand[currentPlayer][choice1], state, 0, i);
        -: 1118:	    }
        -: 1119:	}
        -: 1120:
        -: 1121:      //discard played card from hand
    #####: 1122:      discardCard(handPos, currentPlayer, state, 0);			
        -: 1123:
        -: 1124:      //trash copies of cards returned to supply
    #####: 1125:      for (j = 0; j < choice2; j++)
        -: 1126:	{
    #####: 1127:	  for (i = 0; i < state->handCount[currentPlayer]; i++)
        -: 1128:	    {
    #####: 1129:	      if (state->hand[currentPlayer][i] == state->hand[currentPlayer][choice1])
        -: 1130:		{
    #####: 1131:		  discardCard(i, currentPlayer, state, 1);
    #####: 1132:		  break;
        -: 1133:		}
        -: 1134:	    }
        -: 1135:	}			
        -: 1136:
    #####: 1137:      return 0;
        -: 1138:		
        -: 1139:    case cutpurse:
        -: 1140:
    #####: 1141:      updateCoins(currentPlayer, state, 2);
    #####: 1142:      for (i = 0; i < state->numPlayers; i++)
        -: 1143:	{
    #####: 1144:	  if (i != currentPlayer)
        -: 1145:	    {
    #####: 1146:	      for (j = 0; j < state->handCount[i]; j++)
        -: 1147:		{
    #####: 1148:		  if (state->hand[i][j] == copper)
        -: 1149:		    {
    #####: 1150:		      discardCard(j, i, state, 0);
    #####: 1151:		      break;
        -: 1152:		    }
    #####: 1153:		  if (j == state->handCount[i])
        -: 1154:		    {
    #####: 1155:		      for (k = 0; k < state->handCount[i]; k++)
        -: 1156:			{
        -: 1157:			  if (DEBUG)
        -: 1158:			    printf("Player %d reveals card number %d\n", i, state->hand[i][k]);
        -: 1159:			}	
    #####: 1160:		      break;
        -: 1161:		    }		
        -: 1162:		}
        -: 1163:					
        -: 1164:	    }
        -: 1165:				
        -: 1166:	}				
        -: 1167:
        -: 1168:      //discard played card from hand
    #####: 1169:      discardCard(handPos, currentPlayer, state, 0);			
        -: 1170:
    #####: 1171:      return 0;
        -: 1172:
        -: 1173:		
        -: 1174:    case embargo: 
        -: 1175:      //+2 Coins
    #####: 1176:      state->coins = state->coins + 2;
        -: 1177:			
        -: 1178:      //see if selected pile is in play
    #####: 1179:      if ( state->supplyCount[choice1] == -1 )
        -: 1180:	{
    #####: 1181:	  return -1;
        -: 1182:	}
        -: 1183:			
        -: 1184:      //add embargo token to selected supply pile
    #####: 1185:      state->embargoTokens[choice1]++;
        -: 1186:			
        -: 1187:      //trash card
    #####: 1188:      discardCard(handPos, currentPlayer, state, 1);		
    #####: 1189:      return 0;
        -: 1190:		
        -: 1191:    case outpost:
    #####: 1192:     outpostfunc(currentPlayer, state, handPos);
        -: 1193:		
        -: 1194:    case salvager:
        -: 1195:      //+1 buy
    #####: 1196:      state->numBuys++;
        -: 1197:			
    #####: 1198:      if (choice1)
        -: 1199:	{
        -: 1200:	  //gain coins equal to trashed card
    #####: 1201:	  state->coins = state->coins + getCost( handCard(choice1, state) );
        -: 1202:	  //trash card
    #####: 1203:	  discardCard(choice1, currentPlayer, state, 1);	
        -: 1204:	}
        -: 1205:			
        -: 1206:      //discard card
    #####: 1207:      discardCard(handPos, currentPlayer, state, 0);
    #####: 1208:      return 0;
        -: 1209:		
        -: 1210:    case sea_hag:
    #####: 1211:	sea_hagfunc(currentPlayer, state, handPos);
        -: 1212:		
        -: 1213:    case treasure_map:
        -: 1214:      //search hand for another treasure_map
    #####: 1215:      index = -1;
    #####: 1216:      for (i = 0; i < state->handCount[currentPlayer]; i++)
        -: 1217:	{
    #####: 1218:	  if (state->hand[currentPlayer][i] == treasure_map && i != handPos)
        -: 1219:	    {
    #####: 1220:	      index = i;
    #####: 1221:	      break;
        -: 1222:	    }
        -: 1223:	}
    #####: 1224:      if (index > -1)
        -: 1225:	{
        -: 1226:	  //trash both treasure cards
    #####: 1227:	  discardCard(handPos, currentPlayer, state, 1);
    #####: 1228:	  discardCard(index, currentPlayer, state, 1);
        -: 1229:
        -: 1230:	  //gain 4 Gold cards
    #####: 1231:	  for (i = 0; i < 4; i++)
        -: 1232:	    {
    #####: 1233:	      gainCard(gold, state, 1, currentPlayer);
        -: 1234:	    }
        -: 1235:				
        -: 1236:	  //return success
    #####: 1237:	  return 1;
        -: 1238:	}
        -: 1239:			
        -: 1240:      //no second treasure_map found in hand
    #####: 1241:      return -1;
        -: 1242:    }
        -: 1243:	
    #####: 1244:  return -1;
        -: 1245:}
        -: 1246:
        2: 1247:int discardCard(int handPos, int currentPlayer, struct gameState *state, int trashFlag)
        -: 1248:{
        -: 1249:	
        -: 1250:  //if card is not trashed, added to Played pile 
        2: 1251:  if (trashFlag < 1)
        -: 1252:    {
        -: 1253:      //add card to played pile
        2: 1254:      state->playedCards[state->playedCardCount] = state->hand[currentPlayer][handPos]; 
        2: 1255:      state->playedCardCount++;
        -: 1256:    }
        -: 1257:	
        -: 1258:  //set played card to -1
        2: 1259:  state->hand[currentPlayer][handPos] = -1;
        -: 1260:	
        -: 1261:  //remove card from player's hand
        2: 1262:  if ( handPos == (state->handCount[currentPlayer] - 1) ) 	//last card in hand array is played
        -: 1263:    {
        -: 1264:      //reduce number of cards in hand
    #####: 1265:      state->handCount[currentPlayer]--;
        -: 1266:    }
        2: 1267:  else if ( state->handCount[currentPlayer] == 1 ) //only one card in hand
        -: 1268:    {
        -: 1269:      //reduce number of cards in hand
        1: 1270:      state->handCount[currentPlayer]--;
        -: 1271:    }
        -: 1272:  else 	
        -: 1273:    {
        -: 1274:      //replace discarded card with last card in hand
        1: 1275:      state->hand[currentPlayer][handPos] = state->hand[currentPlayer][ (state->handCount[currentPlayer] - 1)];
        -: 1276:      //set last card to -1
        1: 1277:      state->hand[currentPlayer][state->handCount[currentPlayer] - 1] = -1;
        -: 1278:      //reduce number of cards in hand
        1: 1279:      state->handCount[currentPlayer]--;
        -: 1280:    }
        -: 1281:	
        2: 1282:  return 0;
        -: 1283:}
        -: 1284:
        1: 1285:int gainCard(int supplyPos, struct gameState *state, int toFlag, int player)
        -: 1286:{
        -: 1287:  //Note: supplyPos is enum of choosen card
        -: 1288:	
        -: 1289:  //check if supply pile is empty (0) or card is not used in game (-1)
        1: 1290:  if ( supplyCount(supplyPos, state) < 1 )
        -: 1291:    {
    #####: 1292:      return -1;
        -: 1293:    }
        -: 1294:	
        -: 1295:  //added card for [whoseTurn] current player:
        -: 1296:  // toFlag = 0 : add to discard
        -: 1297:  // toFlag = 1 : add to deck
        -: 1298:  // toFlag = 2 : add to hand
        -: 1299:
        1: 1300:  if (toFlag == 1)
        -: 1301:    {
    #####: 1302:      state->deck[ player ][ state->deckCount[player] ] = supplyPos;
    #####: 1303:      state->deckCount[player]++;
        -: 1304:    }
        1: 1305:  else if (toFlag == 2)
        -: 1306:    {
    #####: 1307:      state->hand[ player ][ state->handCount[player] ] = supplyPos;
    #####: 1308:      state->handCount[player]++;
        -: 1309:    }
        -: 1310:  else
        -: 1311:    {
        1: 1312:      state->discard[player][ state->discardCount[player] ] = supplyPos;
        1: 1313:      state->discardCount[player]++;
        -: 1314:    }
        -: 1315:	
        -: 1316:  //decrease number in supply pile
        1: 1317:  state->supplyCount[supplyPos]--;
        -: 1318:	 
        1: 1319:  return 0;
        -: 1320:}
        -: 1321:
        8: 1322:int updateCoins(int player, struct gameState *state, int bonus)
        -: 1323:{
        -: 1324:  int i;
        -: 1325:	
        -: 1326:  //reset coin count
        8: 1327:  state->coins = 0;
        -: 1328:
        -: 1329:  //add coins for each Treasure card in player's hand
       48: 1330:  for (i = 0; i < state->handCount[player]; i++)
        -: 1331:    {
       40: 1332:      if (state->hand[player][i] == copper)
        -: 1333:	{
       32: 1334:	  state->coins += 1;
        -: 1335:	}
        8: 1336:      else if (state->hand[player][i] == silver)
        -: 1337:	{
    #####: 1338:	  state->coins += 2;
        -: 1339:	}
        8: 1340:      else if (state->hand[player][i] == gold)
        -: 1341:	{
    #####: 1342:	  state->coins += 3;
        -: 1343:	}	
        -: 1344:    }	
        -: 1345:
        -: 1346:
        -: 1347:  //add bonus
        8: 1348:  state->coins += bonus;
        -: 1349:
        8: 1350:  return 0;
        -: 1351:}
        -: 1352:
        -: 1353:
        -: 1354:
        -: 1355://end of dominion.c
